execve("./server", ["./server"], 0x7ffd7c1fda00 /* 61 vars */) = 0
brk(NULL)                               = 0x563765e72000
arch_prctl(0x3001 /* ARCH_??? */, 0x7fff1f63db40) = -1 EINVAL (Invalid argument)
access("/etc/ld.so.preload", R_OK)      = -1 ENOENT (No such file or directory)
openat(AT_FDCWD, "/etc/ld.so.cache", O_RDONLY|O_CLOEXEC) = 3
newfstatat(3, "", {st_mode=S_IFREG|0644, st_size=144703, ...}, AT_EMPTY_PATH) = 0
mmap(NULL, 144703, PROT_READ, MAP_PRIVATE, 3, 0) = 0x7f5b6f12e000
close(3)                                = 0
openat(AT_FDCWD, "/usr/lib/libc.so.6", O_RDONLY|O_CLOEXEC) = 3
read(3, "\177ELF\2\1\1\3\0\0\0\0\0\0\0\0\3\0>\0\1\0\0\0\320\324\2\0\0\0\0\0"..., 832) = 832
pread64(3, "\6\0\0\0\4\0\0\0@\0\0\0\0\0\0\0@\0\0\0\0\0\0\0@\0\0\0\0\0\0\0"..., 784, 64) = 784
pread64(3, "\4\0\0\0@\0\0\0\5\0\0\0GNU\0\2\0\0\300\4\0\0\0\3\0\0\0\0\0\0\0"..., 80, 848) = 80
pread64(3, "\4\0\0\0\24\0\0\0\3\0\0\0GNU\0\205vn\235\204X\261n\234|\346\340|q,\2"..., 68, 928) = 68
newfstatat(3, "", {st_mode=S_IFREG|0755, st_size=2463384, ...}, AT_EMPTY_PATH) = 0
mmap(NULL, 8192, PROT_READ|PROT_WRITE, MAP_PRIVATE|MAP_ANONYMOUS, -1, 0) = 0x7f5b6f12c000
pread64(3, "\6\0\0\0\4\0\0\0@\0\0\0\0\0\0\0@\0\0\0\0\0\0\0@\0\0\0\0\0\0\0"..., 784, 64) = 784
mmap(NULL, 2136752, PROT_READ, MAP_PRIVATE|MAP_DENYWRITE, 3, 0) = 0x7f5b6ef22000
mprotect(0x7f5b6ef4e000, 1880064, PROT_NONE) = 0
mmap(0x7f5b6ef4e000, 1531904, PROT_READ|PROT_EXEC, MAP_PRIVATE|MAP_FIXED|MAP_DENYWRITE, 3, 0x2c000) = 0x7f5b6ef4e000
mmap(0x7f5b6f0c4000, 344064, PROT_READ, MAP_PRIVATE|MAP_FIXED|MAP_DENYWRITE, 3, 0x1a2000) = 0x7f5b6f0c4000
mmap(0x7f5b6f119000, 24576, PROT_READ|PROT_WRITE, MAP_PRIVATE|MAP_FIXED|MAP_DENYWRITE, 3, 0x1f6000) = 0x7f5b6f119000
mmap(0x7f5b6f11f000, 51888, PROT_READ|PROT_WRITE, MAP_PRIVATE|MAP_FIXED|MAP_ANONYMOUS, -1, 0) = 0x7f5b6f11f000
close(3)                                = 0
mmap(NULL, 12288, PROT_READ|PROT_WRITE, MAP_PRIVATE|MAP_ANONYMOUS, -1, 0) = 0x7f5b6ef1f000
arch_prctl(ARCH_SET_FS, 0x7f5b6ef1f740) = 0
set_tid_address(0x7f5b6ef1fa10)         = 41379
set_robust_list(0x7f5b6ef1fa20, 24)     = 0
rseq(0x7f5b6ef200e0, 0x20, 0, 0x53053053) = 0
mprotect(0x7f5b6f119000, 12288, PROT_READ) = 0
mprotect(0x563764c0a000, 4096, PROT_READ) = 0
mprotect(0x7f5b6f187000, 8192, PROT_READ) = 0
prlimit64(0, RLIMIT_STACK, NULL, {rlim_cur=8192*1024, rlim_max=RLIM64_INFINITY}) = 0
munmap(0x7f5b6f12e000, 144703)          = 0
socket(AF_INET, SOCK_STREAM, IPPROTO_TCP) = 3
bind(0, {sa_family=AF_INET, sin_port=htons(12345), sin_addr=inet_addr("0.0.0.0")}, 16) = -1 ENOTSOCK (Socket operation on non-socket)
dup(2)                                  = 4
fcntl(4, F_GETFL)                       = 0x8001 (flags O_WRONLY|O_LARGEFILE)
close(4)                                = 0
write(2, "Couldn't bind server scoket: Soc"..., 60Couldn't bind server scoket: Socket operation on non-socket
) = 60
exit_group(-1)                          = ?
+++ exited with 255 +++
